# JRE version: Java(TM) SE Runtime Environment (8.0_191-b12) (build 1.8.0_191-b12)
# Java VM: Java HotSpot(TM) 64-Bit Server VM (25.191-b12 mixed mode windows-amd64 compressed oops)
Heap:
 PSYoungGen      total 61952K, used 24127K [0x00000000db200000, 0x00000000df300000, 0x0000000100000000)
  eden space 57344K, 34% used [0x00000000db200000,0x00000000dc517e08,0x00000000dea00000)
  from space 4608K, 99% used [0x00000000dee80000,0x00000000df2f8050,0x00000000df300000)
  to   space 4608K, 0% used [0x00000000dea00000,0x00000000dea00000,0x00000000dee80000)
 ParOldGen       total 76800K, used 2457K [0x0000000091600000, 0x0000000096100000, 0x00000000db200000)
  object space 76800K, 3% used [0x0000000091600000,0x0000000091866618,0x0000000096100000)
 Metaspace       used 16430K, capacity 16762K, committed 17152K, reserved 1064960K
  class space    used 2310K, capacity 2449K, committed 2560K, reserved 1048576K
GC Heap History (4 events):
Event: 0.901 GC heap before
{Heap before GC invocations=1 (full 0):
 PSYoungGen      total 33280K, used 28672K [0x00000000db200000, 0x00000000dd700000, 0x0000000100000000)
  eden space 28672K, 100% used [0x00000000db200000,0x00000000dce00000,0x00000000dce00000)
  from space 4608K, 0% used [0x00000000dd280000,0x00000000dd280000,0x00000000dd700000)
  to   space 4608K, 0% used [0x00000000dce00000,0x00000000dce00000,0x00000000dd280000)
 ParOldGen       total 76800K, used 0K [0x0000000091600000, 0x0000000096100000, 0x00000000db200000)
  object space 76800K, 0% used [0x0000000091600000,0x0000000091600000,0x0000000096100000)
 Metaspace       used 8307K, capacity 8404K, committed 8704K, reserved 1056768K
  class space    used 1159K, capacity 1207K, committed 1280K, reserved 1048576K
Event: 0.915 GC heap after
Heap after GC invocations=1 (full 0):
 PSYoungGen      total 33280K, used 4580K [0x00000000db200000, 0x00000000df300000, 0x0000000100000000)
  eden space 28672K, 0% used [0x00000000db200000,0x00000000db200000,0x00000000dce00000)
  from space 4608K, 99% used [0x00000000dce00000,0x00000000dd2792b0,0x00000000dd280000)
  to   space 4608K, 0% used [0x00000000dee80000,0x00000000dee80000,0x00000000df300000)
 ParOldGen       total 76800K, used 264K [0x0000000091600000, 0x0000000096100000, 0x00000000db200000)
  object space 76800K, 0% used [0x0000000091600000,0x0000000091642000,0x0000000096100000)
 Metaspace       used 8307K, capacity 8404K, committed 8704K, reserved 1056768K
  class space    used 1159K, capacity 1207K, committed 1280K, reserved 1048576K
}
Event: 2.213 GC heap before
{Heap before GC invocations=2 (full 0):
 PSYoungGen      total 33280K, used 33252K [0x00000000db200000, 0x00000000df300000, 0x0000000100000000)
  eden space 28672K, 100% used [0x00000000db200000,0x00000000dce00000,0x00000000dce00000)
  from space 4608K, 99% used [0x00000000dce00000,0x00000000dd2792b0,0x00000000dd280000)
  to   space 4608K, 0% used [0x00000000dee80000,0x00000000dee80000,0x00000000df300000)
 ParOldGen       total 76800K, used 264K [0x0000000091600000, 0x0000000096100000, 0x00000000db200000)
  object space 76800K, 0% used [0x0000000091600000,0x0000000091642000,0x0000000096100000)
 Metaspace       used 13727K, capacity 13926K, committed 14080K, reserved 1060864K
  class space    used 1860K, capacity 1981K, committed 2048K, reserved 1048576K
Event: 2.220 GC heap after
Heap after GC invocations=2 (full 0):
 PSYoungGen      total 61952K, used 4576K [0x00000000db200000, 0x00000000df300000, 0x0000000100000000)
  eden space 57344K, 0% used [0x00000000db200000,0x00000000db200000,0x00000000dea00000)
  from space 4608K, 99% used [0x00000000dee80000,0x00000000df2f8050,0x00000000df300000)
  to   space 4608K, 0% used [0x00000000dea00000,0x00000000dea00000,0x00000000dee80000)
 ParOldGen       total 76800K, used 2457K [0x0000000091600000, 0x0000000096100000, 0x00000000db200000)
  object space 76800K, 3% used [0x0000000091600000,0x0000000091866618,0x0000000096100000)
 Metaspace       used 13727K, capacity 13926K, committed 14080K, reserved 1060864K
  class space    used 1860K, capacity 1981K, committed 2048K, reserved 1048576K
}

